<?xml version="1.0" encoding="UTF-8"?>
<testng-results ignored="0" total="1" passed="1" failed="0" skipped="0">
  <reporter-output>
  </reporter-output>
  <suite started-at="2023-06-12T13:35:57 IST" name="Default suite" finished-at="2023-06-12T13:36:10 IST" duration-ms="13227">
    <groups>
    </groups>
    <test started-at="2023-06-12T13:35:57 IST" name="Default test" finished-at="2023-06-12T13:36:10 IST" duration-ms="13227">
      <class name="payment.DemoPayment">
        <test-method signature="paymentTest()[pri:0, instance:payment.DemoPayment@3c419631]" started-at="2023-06-12T13:35:57 IST" name="paymentTest" finished-at="2023-06-12T13:36:10 IST" duration-ms="13153" status="PASS">
          <reporter-output>
          </reporter-output>
        </test-method> <!-- paymentTest -->
      </class> <!-- payment.DemoPayment -->
    </test> <!-- Default test -->
  </suite> <!-- Default suite -->
</testng-results>
